mode: set
github.com/deenikarim/gudu/cache/badger-cache.go:26.37,28.2 1 0
github.com/deenikarim/gudu/cache/badger-cache.go:31.54,34.2 1 1
github.com/deenikarim/gudu/cache/badger-cache.go:38.93,50.16 7 1
github.com/deenikarim/gudu/cache/badger-cache.go:50.16,52.3 1 0
github.com/deenikarim/gudu/cache/badger-cache.go:55.2,55.51 1 1
github.com/deenikarim/gudu/cache/badger-cache.go:55.51,59.23 2 1
github.com/deenikarim/gudu/cache/badger-cache.go:59.23,61.4 1 1
github.com/deenikarim/gudu/cache/badger-cache.go:63.3,63.25 1 1
github.com/deenikarim/gudu/cache/badger-cache.go:69.63,79.49 5 1
github.com/deenikarim/gudu/cache/badger-cache.go:79.49,82.17 2 1
github.com/deenikarim/gudu/cache/badger-cache.go:82.17,85.4 1 1
github.com/deenikarim/gudu/cache/badger-cache.go:88.3,88.86 1 1
github.com/deenikarim/gudu/cache/badger-cache.go:88.86,91.4 1 0
github.com/deenikarim/gudu/cache/badger-cache.go:94.3,94.43 1 1
github.com/deenikarim/gudu/cache/badger-cache.go:94.43,99.4 2 1
github.com/deenikarim/gudu/cache/badger-cache.go:100.3,100.13 1 1
github.com/deenikarim/gudu/cache/badger-cache.go:104.2,104.16 1 1
github.com/deenikarim/gudu/cache/badger-cache.go:104.16,106.44 1 1
github.com/deenikarim/gudu/cache/badger-cache.go:106.44,108.4 1 1
github.com/deenikarim/gudu/cache/badger-cache.go:109.3,109.73 1 0
github.com/deenikarim/gudu/cache/badger-cache.go:113.2,114.16 2 1
github.com/deenikarim/gudu/cache/badger-cache.go:114.16,116.3 1 0
github.com/deenikarim/gudu/cache/badger-cache.go:119.2,120.13 2 1
github.com/deenikarim/gudu/cache/badger-cache.go:120.13,122.3 1 0
github.com/deenikarim/gudu/cache/badger-cache.go:124.2,124.18 1 1
github.com/deenikarim/gudu/cache/badger-cache.go:128.96,139.16 7 1
github.com/deenikarim/gudu/cache/badger-cache.go:139.16,141.3 1 0
github.com/deenikarim/gudu/cache/badger-cache.go:143.2,143.51 1 1
github.com/deenikarim/gudu/cache/badger-cache.go:143.51,145.23 2 1
github.com/deenikarim/gudu/cache/badger-cache.go:145.23,147.4 1 0
github.com/deenikarim/gudu/cache/badger-cache.go:148.3,148.25 1 1
github.com/deenikarim/gudu/cache/badger-cache.go:153.59,170.49 4 1
github.com/deenikarim/gudu/cache/badger-cache.go:170.49,172.17 2 1
github.com/deenikarim/gudu/cache/badger-cache.go:172.17,174.4 1 1
github.com/deenikarim/gudu/cache/badger-cache.go:176.3,176.27 1 1
github.com/deenikarim/gudu/cache/badger-cache.go:176.27,178.36 2 1
github.com/deenikarim/gudu/cache/badger-cache.go:178.36,180.5 1 0
github.com/deenikarim/gudu/cache/badger-cache.go:183.3,183.13 1 1
github.com/deenikarim/gudu/cache/badger-cache.go:186.2,186.43 1 1
github.com/deenikarim/gudu/cache/badger-cache.go:186.43,190.3 1 1
github.com/deenikarim/gudu/cache/badger-cache.go:197.2,197.24 1 1
github.com/deenikarim/gudu/cache/badger-cache.go:201.51,207.51 4 1
github.com/deenikarim/gudu/cache/badger-cache.go:207.51,209.17 2 1
github.com/deenikarim/gudu/cache/badger-cache.go:209.17,211.4 1 0
github.com/deenikarim/gudu/cache/badger-cache.go:212.3,212.13 1 1
github.com/deenikarim/gudu/cache/badger-cache.go:217.70,223.52 4 1
github.com/deenikarim/gudu/cache/badger-cache.go:223.52,225.29 1 1
github.com/deenikarim/gudu/cache/badger-cache.go:225.29,233.43 6 1
github.com/deenikarim/gudu/cache/badger-cache.go:233.43,235.61 2 1
github.com/deenikarim/gudu/cache/badger-cache.go:235.61,237.6 1 1
github.com/deenikarim/gudu/cache/badger-cache.go:239.9,239.36 1 1
github.com/deenikarim/gudu/cache/badger-cache.go:239.36,246.38 2 1
github.com/deenikarim/gudu/cache/badger-cache.go:246.38,254.44 6 1
github.com/deenikarim/gudu/cache/badger-cache.go:254.44,257.62 3 1
github.com/deenikarim/gudu/cache/badger-cache.go:257.62,260.45 2 1
github.com/deenikarim/gudu/cache/badger-cache.go:260.45,262.8 1 1
github.com/deenikarim/gudu/cache/badger-cache.go:266.10,270.19 3 1
github.com/deenikarim/gudu/cache/badger-cache.go:270.19,272.6 1 1
github.com/deenikarim/gudu/cache/badger-cache.go:272.11,272.54 1 0
github.com/deenikarim/gudu/cache/badger-cache.go:272.54,274.6 1 0
github.com/deenikarim/gudu/cache/badger-cache.go:277.9,279.35 1 1
github.com/deenikarim/gudu/cache/badger-cache.go:279.35,282.19 3 1
github.com/deenikarim/gudu/cache/badger-cache.go:282.19,284.6 1 1
github.com/deenikarim/gudu/cache/badger-cache.go:284.11,284.54 1 0
github.com/deenikarim/gudu/cache/badger-cache.go:284.54,286.6 1 0
github.com/deenikarim/gudu/cache/badger-cache.go:290.3,290.13 1 1
github.com/deenikarim/gudu/cache/badger-cache.go:292.17,294.3 1 0
github.com/deenikarim/gudu/cache/badger-cache.go:295.2,295.18 1 1
github.com/deenikarim/gudu/cache/badger-cache.go:300.98,304.20 3 1
github.com/deenikarim/gudu/cache/badger-cache.go:304.20,306.3 1 0
github.com/deenikarim/gudu/cache/badger-cache.go:308.2,310.52 2 1
github.com/deenikarim/gudu/cache/badger-cache.go:310.52,312.29 1 1
github.com/deenikarim/gudu/cache/badger-cache.go:312.29,321.43 7 1
github.com/deenikarim/gudu/cache/badger-cache.go:321.43,323.61 2 1
github.com/deenikarim/gudu/cache/badger-cache.go:323.61,325.32 2 1
github.com/deenikarim/gudu/cache/badger-cache.go:325.32,327.12 1 1
github.com/deenikarim/gudu/cache/badger-cache.go:331.9,331.36 1 0
github.com/deenikarim/gudu/cache/badger-cache.go:331.36,338.38 2 0
github.com/deenikarim/gudu/cache/badger-cache.go:338.38,347.44 7 0
github.com/deenikarim/gudu/cache/badger-cache.go:347.44,350.62 3 0
github.com/deenikarim/gudu/cache/badger-cache.go:350.62,353.45 2 0
github.com/deenikarim/gudu/cache/badger-cache.go:353.45,355.34 2 0
github.com/deenikarim/gudu/cache/badger-cache.go:355.34,356.14 1 0
github.com/deenikarim/gudu/cache/badger-cache.go:362.10,366.19 3 0
github.com/deenikarim/gudu/cache/badger-cache.go:366.19,368.6 1 0
github.com/deenikarim/gudu/cache/badger-cache.go:368.11,368.54 1 0
github.com/deenikarim/gudu/cache/badger-cache.go:368.54,370.6 1 0
github.com/deenikarim/gudu/cache/badger-cache.go:373.9,375.35 1 0
github.com/deenikarim/gudu/cache/badger-cache.go:375.35,378.19 3 0
github.com/deenikarim/gudu/cache/badger-cache.go:378.19,380.6 1 0
github.com/deenikarim/gudu/cache/badger-cache.go:380.11,380.54 1 0
github.com/deenikarim/gudu/cache/badger-cache.go:380.54,382.6 1 0
github.com/deenikarim/gudu/cache/badger-cache.go:384.5,384.31 1 0
github.com/deenikarim/gudu/cache/badger-cache.go:384.31,385.11 1 0
github.com/deenikarim/gudu/cache/badger-cache.go:390.3,390.13 1 1
github.com/deenikarim/gudu/cache/badger-cache.go:392.17,394.3 1 0
github.com/deenikarim/gudu/cache/badger-cache.go:395.2,395.18 1 1
github.com/deenikarim/gudu/cache/badger-cache.go:399.77,406.51 4 1
github.com/deenikarim/gudu/cache/badger-cache.go:406.51,408.17 2 1
github.com/deenikarim/gudu/cache/badger-cache.go:408.17,410.4 1 0
github.com/deenikarim/gudu/cache/badger-cache.go:413.3,413.44 1 1
github.com/deenikarim/gudu/cache/badger-cache.go:413.44,416.4 2 1
github.com/deenikarim/gudu/cache/badger-cache.go:421.65,428.52 5 1
github.com/deenikarim/gudu/cache/badger-cache.go:428.52,430.17 2 1
github.com/deenikarim/gudu/cache/badger-cache.go:430.17,432.4 1 0
github.com/deenikarim/gudu/cache/badger-cache.go:435.3,435.27 1 1
github.com/deenikarim/gudu/cache/badger-cache.go:435.27,437.4 1 1
github.com/deenikarim/gudu/cache/badger-cache.go:437.9,439.4 1 0
github.com/deenikarim/gudu/cache/badger-cache.go:441.3,441.13 1 1
github.com/deenikarim/gudu/cache/badger-cache.go:442.17,444.3 1 0
github.com/deenikarim/gudu/cache/badger-cache.go:446.2,446.17 1 1
github.com/deenikarim/gudu/cache/badger-cache.go:450.58,458.78 5 1
github.com/deenikarim/gudu/cache/badger-cache.go:458.78,460.3 1 1
github.com/deenikarim/gudu/cache/badger-cache.go:464.37,469.78 4 1
github.com/deenikarim/gudu/cache/badger-cache.go:469.78,471.3 1 1
github.com/deenikarim/gudu/cache/badger-cache.go:479.110,488.76 7 1
github.com/deenikarim/gudu/cache/badger-cache.go:488.76,493.37 3 1
github.com/deenikarim/gudu/cache/badger-cache.go:493.37,494.36 1 0
github.com/deenikarim/gudu/cache/badger-cache.go:494.36,495.13 1 0
github.com/deenikarim/gudu/cache/badger-cache.go:499.3,500.17 2 1
github.com/deenikarim/gudu/cache/badger-cache.go:500.17,502.4 1 0
github.com/deenikarim/gudu/cache/badger-cache.go:503.3,505.27 2 1
github.com/deenikarim/gudu/cache/badger-cache.go:505.27,506.9 1 0
github.com/deenikarim/gudu/cache/badger-cache.go:510.2,510.21 1 1
github.com/deenikarim/gudu/cache/badger-cache.go:515.87,520.6 3 1
github.com/deenikarim/gudu/cache/badger-cache.go:520.6,522.28 2 1
github.com/deenikarim/gudu/cache/badger-cache.go:522.28,523.53 1 1
github.com/deenikarim/gudu/cache/badger-cache.go:523.53,525.19 2 1
github.com/deenikarim/gudu/cache/badger-cache.go:525.19,527.6 1 0
github.com/deenikarim/gudu/cache/badger-cache.go:529.5,529.21 1 1
github.com/deenikarim/gudu/cache/badger-cache.go:529.21,532.6 2 1
github.com/deenikarim/gudu/cache/badger-cache.go:533.5,533.15 1 1
github.com/deenikarim/gudu/cache/badger-cache.go:536.4,536.18 1 1
github.com/deenikarim/gudu/cache/badger-cache.go:536.18,537.43 1 0
github.com/deenikarim/gudu/cache/badger-cache.go:537.43,540.14 3 0
github.com/deenikarim/gudu/cache/badger-cache.go:542.5,542.55 1 0
github.com/deenikarim/gudu/cache/badger-cache.go:544.4,544.9 1 1
github.com/deenikarim/gudu/cache/badger-cache.go:547.3,547.28 1 1
github.com/deenikarim/gudu/cache/badger-cache.go:547.28,549.4 1 0
github.com/deenikarim/gudu/cache/badger-cache.go:550.3,550.8 1 1
github.com/deenikarim/gudu/cache/badger-cache.go:553.2,553.12 1 1
github.com/deenikarim/gudu/cache/badger-cache.go:557.46,561.21 2 1
github.com/deenikarim/gudu/cache/badger-cache.go:561.21,564.3 1 0
github.com/deenikarim/gudu/cache/badger-cache.go:567.2,567.39 1 1
github.com/deenikarim/gudu/cache/badger-cache.go:567.39,569.3 1 0
github.com/deenikarim/gudu/cache/badger-cache.go:572.2,572.75 1 1
github.com/deenikarim/gudu/cache/badger-cache.go:572.75,574.3 1 0
github.com/deenikarim/gudu/cache/badger-cache.go:577.2,577.13 1 1
github.com/deenikarim/gudu/cache/helpers.go:10.51,14.16 4 1
github.com/deenikarim/gudu/cache/helpers.go:14.16,16.3 1 0
github.com/deenikarim/gudu/cache/helpers.go:17.2,17.26 1 1
github.com/deenikarim/gudu/cache/helpers.go:21.51,26.16 5 1
github.com/deenikarim/gudu/cache/helpers.go:26.16,28.3 1 0
github.com/deenikarim/gudu/cache/helpers.go:29.2,29.18 1 1
github.com/deenikarim/gudu/cache/helpers.go:33.49,34.26 1 1
github.com/deenikarim/gudu/cache/helpers.go:34.26,35.16 1 1
github.com/deenikarim/gudu/cache/helpers.go:35.16,37.4 1 1
github.com/deenikarim/gudu/cache/helpers.go:39.2,39.14 1 0
github.com/deenikarim/gudu/cache/redis-cache.go:18.54,21.2 1 1
github.com/deenikarim/gudu/cache/redis-cache.go:24.37,26.2 1 0
github.com/deenikarim/gudu/cache/redis-cache.go:30.93,32.30 2 1
github.com/deenikarim/gudu/cache/redis-cache.go:32.30,34.3 1 1
github.com/deenikarim/gudu/cache/redis-cache.go:36.2,44.16 5 1
github.com/deenikarim/gudu/cache/redis-cache.go:44.16,46.3 1 0
github.com/deenikarim/gudu/cache/redis-cache.go:49.2,49.22 1 1
github.com/deenikarim/gudu/cache/redis-cache.go:49.22,51.3 1 1
github.com/deenikarim/gudu/cache/redis-cache.go:51.8,53.3 1 1
github.com/deenikarim/gudu/cache/redis-cache.go:55.2,55.16 1 1
github.com/deenikarim/gudu/cache/redis-cache.go:55.16,58.3 2 0
github.com/deenikarim/gudu/cache/redis-cache.go:60.2,60.12 1 1
github.com/deenikarim/gudu/cache/redis-cache.go:65.63,67.30 2 1
github.com/deenikarim/gudu/cache/redis-cache.go:67.30,69.3 1 1
github.com/deenikarim/gudu/cache/redis-cache.go:71.2,75.34 3 1
github.com/deenikarim/gudu/cache/redis-cache.go:75.34,77.3 1 0
github.com/deenikarim/gudu/cache/redis-cache.go:77.8,77.23 1 1
github.com/deenikarim/gudu/cache/redis-cache.go:77.23,80.3 2 0
github.com/deenikarim/gudu/cache/redis-cache.go:83.2,84.16 2 1
github.com/deenikarim/gudu/cache/redis-cache.go:84.16,86.3 1 0
github.com/deenikarim/gudu/cache/redis-cache.go:89.2,91.18 2 1
github.com/deenikarim/gudu/cache/redis-cache.go:95.59,98.30 2 1
github.com/deenikarim/gudu/cache/redis-cache.go:98.30,100.3 1 1
github.com/deenikarim/gudu/cache/redis-cache.go:103.2,107.16 3 1
github.com/deenikarim/gudu/cache/redis-cache.go:107.16,110.3 2 0
github.com/deenikarim/gudu/cache/redis-cache.go:112.2,112.20 1 1
github.com/deenikarim/gudu/cache/redis-cache.go:116.70,118.30 2 1
github.com/deenikarim/gudu/cache/redis-cache.go:118.30,120.3 1 1
github.com/deenikarim/gudu/cache/redis-cache.go:122.2,126.28 3 1
github.com/deenikarim/gudu/cache/redis-cache.go:126.28,129.17 3 1
github.com/deenikarim/gudu/cache/redis-cache.go:129.17,131.4 1 0
github.com/deenikarim/gudu/cache/redis-cache.go:132.8,132.35 1 1
github.com/deenikarim/gudu/cache/redis-cache.go:132.35,136.17 3 1
github.com/deenikarim/gudu/cache/redis-cache.go:136.17,138.4 1 0
github.com/deenikarim/gudu/cache/redis-cache.go:139.8,141.36 1 1
github.com/deenikarim/gudu/cache/redis-cache.go:141.36,144.18 3 1
github.com/deenikarim/gudu/cache/redis-cache.go:144.18,146.5 1 0
github.com/deenikarim/gudu/cache/redis-cache.go:148.4,148.14 1 1
github.com/deenikarim/gudu/cache/redis-cache.go:148.14,150.5 1 1
github.com/deenikarim/gudu/cache/redis-cache.go:153.2,153.18 1 1
github.com/deenikarim/gudu/cache/redis-cache.go:157.51,159.30 2 1
github.com/deenikarim/gudu/cache/redis-cache.go:159.30,161.3 1 1
github.com/deenikarim/gudu/cache/redis-cache.go:163.2,167.16 3 1
github.com/deenikarim/gudu/cache/redis-cache.go:167.16,170.3 2 0
github.com/deenikarim/gudu/cache/redis-cache.go:172.2,172.12 1 1
github.com/deenikarim/gudu/cache/redis-cache.go:176.77,178.30 2 1
github.com/deenikarim/gudu/cache/redis-cache.go:178.30,180.3 1 1
github.com/deenikarim/gudu/cache/redis-cache.go:182.2,186.16 3 1
github.com/deenikarim/gudu/cache/redis-cache.go:186.16,189.3 2 0
github.com/deenikarim/gudu/cache/redis-cache.go:191.2,191.12 1 1
github.com/deenikarim/gudu/cache/redis-cache.go:195.65,197.30 2 1
github.com/deenikarim/gudu/cache/redis-cache.go:197.30,199.3 1 1
github.com/deenikarim/gudu/cache/redis-cache.go:201.2,205.16 3 1
github.com/deenikarim/gudu/cache/redis-cache.go:205.16,208.3 2 0
github.com/deenikarim/gudu/cache/redis-cache.go:210.2,210.46 1 1
github.com/deenikarim/gudu/cache/redis-cache.go:214.58,216.30 2 1
github.com/deenikarim/gudu/cache/redis-cache.go:216.30,218.3 1 1
github.com/deenikarim/gudu/cache/redis-cache.go:220.2,223.16 3 1
github.com/deenikarim/gudu/cache/redis-cache.go:223.16,225.3 1 0
github.com/deenikarim/gudu/cache/redis-cache.go:228.2,231.25 2 1
github.com/deenikarim/gudu/cache/redis-cache.go:231.25,233.17 2 1
github.com/deenikarim/gudu/cache/redis-cache.go:233.17,235.4 1 0
github.com/deenikarim/gudu/cache/redis-cache.go:238.2,239.16 2 1
github.com/deenikarim/gudu/cache/redis-cache.go:239.16,241.3 1 0
github.com/deenikarim/gudu/cache/redis-cache.go:243.2,243.12 1 1
github.com/deenikarim/gudu/cache/redis-cache.go:247.37,249.30 2 1
github.com/deenikarim/gudu/cache/redis-cache.go:249.30,251.3 1 1
github.com/deenikarim/gudu/cache/redis-cache.go:253.2,256.16 3 1
github.com/deenikarim/gudu/cache/redis-cache.go:256.16,258.3 1 0
github.com/deenikarim/gudu/cache/redis-cache.go:260.2,260.19 1 1
github.com/deenikarim/gudu/cache/redis-cache.go:260.19,261.28 1 1
github.com/deenikarim/gudu/cache/redis-cache.go:261.28,263.18 2 1
github.com/deenikarim/gudu/cache/redis-cache.go:263.18,265.5 1 0
github.com/deenikarim/gudu/cache/redis-cache.go:269.2,269.12 1 1
github.com/deenikarim/gudu/cache/redis-cache.go:274.96,277.30 2 1
github.com/deenikarim/gudu/cache/redis-cache.go:277.30,279.3 1 1
github.com/deenikarim/gudu/cache/redis-cache.go:282.2,286.16 3 1
github.com/deenikarim/gudu/cache/redis-cache.go:286.16,288.3 1 0
github.com/deenikarim/gudu/cache/redis-cache.go:290.2,290.13 1 1
github.com/deenikarim/gudu/cache/redis-cache.go:290.13,292.3 1 1
github.com/deenikarim/gudu/cache/redis-cache.go:294.2,299.16 4 1
github.com/deenikarim/gudu/cache/redis-cache.go:299.16,301.3 1 0
github.com/deenikarim/gudu/cache/redis-cache.go:304.2,305.16 2 1
github.com/deenikarim/gudu/cache/redis-cache.go:305.16,307.3 1 0
github.com/deenikarim/gudu/cache/redis-cache.go:310.2,310.22 1 1
github.com/deenikarim/gudu/cache/redis-cache.go:310.22,312.17 2 1
github.com/deenikarim/gudu/cache/redis-cache.go:312.17,314.4 1 0
github.com/deenikarim/gudu/cache/redis-cache.go:317.2,317.12 1 1
github.com/deenikarim/gudu/cache/redis-cache.go:322.98,325.2 1 0
github.com/deenikarim/gudu/cache/redis-cache.go:329.65,331.30 2 1
github.com/deenikarim/gudu/cache/redis-cache.go:331.30,333.3 1 1
github.com/deenikarim/gudu/cache/redis-cache.go:335.2,338.6 3 1
github.com/deenikarim/gudu/cache/redis-cache.go:338.6,341.21 2 1
github.com/deenikarim/gudu/cache/redis-cache.go:341.21,343.4 1 0
github.com/deenikarim/gudu/cache/redis-cache.go:345.3,349.16 4 1
github.com/deenikarim/gudu/cache/redis-cache.go:349.16,350.9 1 1
github.com/deenikarim/gudu/cache/redis-cache.go:354.2,354.18 1 1
