mode: set
github.com/deenikarim/sauri/renderer/go-methods.go:15.65,16.26 1 1
github.com/deenikarim/sauri/renderer/go-methods.go:16.26,18.3 1 0
github.com/deenikarim/sauri/renderer/go-methods.go:20.2,20.36 1 1
github.com/deenikarim/sauri/renderer/go-methods.go:20.36,22.3 1 1
github.com/deenikarim/sauri/renderer/go-methods.go:26.43,29.16 2 1
github.com/deenikarim/sauri/renderer/go-methods.go:29.16,31.3 1 0
github.com/deenikarim/sauri/renderer/go-methods.go:33.2,34.16 2 1
github.com/deenikarim/sauri/renderer/go-methods.go:34.16,36.3 1 0
github.com/deenikarim/sauri/renderer/go-methods.go:38.2,38.29 1 1
github.com/deenikarim/sauri/renderer/go-methods.go:38.29,42.17 4 1
github.com/deenikarim/sauri/renderer/go-methods.go:42.17,44.4 1 0
github.com/deenikarim/sauri/renderer/go-methods.go:45.3,45.38 1 1
github.com/deenikarim/sauri/renderer/go-methods.go:47.2,47.12 1 1
github.com/deenikarim/sauri/renderer/go-methods.go:51.37,53.19 1 1
github.com/deenikarim/sauri/renderer/go-methods.go:53.19,54.44 1 1
github.com/deenikarim/sauri/renderer/go-methods.go:54.44,56.4 1 0
github.com/deenikarim/sauri/renderer/go-methods.go:61.86,62.15 1 1
github.com/deenikarim/sauri/renderer/go-methods.go:62.15,64.3 1 1
github.com/deenikarim/sauri/renderer/go-methods.go:66.2,70.11 4 1
github.com/deenikarim/sauri/renderer/go-methods.go:75.103,77.23 1 1
github.com/deenikarim/sauri/renderer/go-methods.go:77.23,78.44 1 1
github.com/deenikarim/sauri/renderer/go-methods.go:78.44,82.4 3 0
github.com/deenikarim/sauri/renderer/go-methods.go:82.9,85.4 1 1
github.com/deenikarim/sauri/renderer/go-methods.go:89.2,90.9 2 1
github.com/deenikarim/sauri/renderer/go-methods.go:90.9,92.3 1 1
github.com/deenikarim/sauri/renderer/go-methods.go:95.2,96.17 2 1
github.com/deenikarim/sauri/renderer/go-methods.go:96.17,99.10 3 1
github.com/deenikarim/sauri/renderer/go-methods.go:99.10,102.4 2 0
github.com/deenikarim/sauri/renderer/go-methods.go:106.2,110.66 3 1
github.com/deenikarim/sauri/renderer/go-methods.go:110.66,114.3 3 0
github.com/deenikarim/sauri/renderer/go-methods.go:117.2,122.42 5 1
github.com/deenikarim/sauri/renderer/go-methods.go:122.42,126.3 3 0
github.com/deenikarim/sauri/renderer/go-methods.go:128.2,128.12 1 1
github.com/deenikarim/sauri/renderer/jet-methods.go:13.117,20.21 4 1
github.com/deenikarim/sauri/renderer/jet-methods.go:20.21,22.3 1 1
github.com/deenikarim/sauri/renderer/jet-methods.go:22.8,24.3 1 1
github.com/deenikarim/sauri/renderer/jet-methods.go:27.2,28.17 2 1
github.com/deenikarim/sauri/renderer/jet-methods.go:28.17,30.3 1 0
github.com/deenikarim/sauri/renderer/jet-methods.go:33.2,34.16 2 1
github.com/deenikarim/sauri/renderer/jet-methods.go:34.16,38.3 2 1
github.com/deenikarim/sauri/renderer/jet-methods.go:41.2,41.46 1 1
github.com/deenikarim/sauri/renderer/jet-methods.go:41.46,45.3 2 0
github.com/deenikarim/sauri/renderer/jet-methods.go:47.2,47.12 1 1
github.com/deenikarim/sauri/renderer/renderer.go:42.38,56.2 1 1
github.com/deenikarim/sauri/renderer/renderer.go:59.114,60.43 1 1
github.com/deenikarim/sauri/renderer/renderer.go:61.12,62.46 1 1
github.com/deenikarim/sauri/renderer/renderer.go:63.13,64.57 1 1
github.com/deenikarim/sauri/renderer/renderer.go:66.2,66.12 1 0
